<?xml version="1.0" encoding="UTF-8"?>
<testng-results total="1" passed="1" failed="0" skipped="0">
  <reporter-output>
  </reporter-output>
  <suite started-at="2018-12-30T20:10:14Z" name="Default suite" finished-at="2018-12-30T20:10:44Z" duration-ms="30653">
    <groups>
    </groups>
    <test started-at="2018-12-30T20:10:14Z" name="Default test" finished-at="2018-12-30T20:10:44Z" duration-ms="30653">
      <class name="test.smoke.SmokeTest">
        <test-method is-config="true" signature="setupEnviromnent()[pri:0, instance:test.smoke.SmokeTest@477b4cdf]" started-at="2018-12-30T20:10:14Z" name="setupEnviromnent" finished-at="2018-12-30T20:10:21Z" duration-ms="6854" status="PASS">
        </test-method>
        <test-method signature="testMakeFreeReservation()[pri:0, instance:test.smoke.SmokeTest@477b4cdf]" started-at="2018-12-30T20:10:21Z" name="testMakeFreeReservation" finished-at="2018-12-30T20:10:44Z" duration-ms="23752" status="PASS">
        </test-method>
      </class>
    </test>
  </suite>
</testng-results>
